A-Tale-of-Heros-Project/android/build/outputs/logs/manifest-merger-debug-report.txt
-- Merging decision tree log ---
manifest
ADDED from A-Tale-of-Heros-Project\android\AndroidManifest.xml:2:1-25:12
INJECTED from A-Tale-of-Heros-Project\android\AndroidManifest.xml:2:1-25:12
INJECTED from A-Tale-of-Heros-Project\android\AndroidManifest.xml:2:1-25:12
INJECTED from A-Tale-of-Heros-Project\android\AndroidManifest.xml:2:1-25:12
MERGED from [com.android.support.constraint:constraint-layout:2.0.0-beta4] AndroidManifest.xml:2:1-11:12
MERGED from [com.android.support:appcompat-v7:28.0.0] AndroidManifest.xml:17:1-22:12
MERGED from [com.android.support:support-fragment:28.0.0] AndroidManifest.xml:17:1-22:12
MERGED from [com.android.support:animated-vector-drawable:28.0.0] AndroidManifest.xml:17:1-22:12
MERGED from [com.android.support:support-core-ui:28.0.0] AndroidManifest.xml:17:1-22:12
MERGED from [com.android.support:support-core-utils:28.0.0] AndroidManifest.xml:17:1-22:12
MERGED from [com.android.support:support-vector-drawable:28.0.0] AndroidManifest.xml:17:1-22:12
MERGED from [com.android.support:loader:28.0.0] AndroidManifest.xml:17:1-22:12
MERGED from [com.android.support:viewpager:28.0.0] AndroidManifest.xml:17:1-22:12
MERGED from [com.android.support:coordinatorlayout:28.0.0] AndroidManifest.xml:17:1-22:12
MERGED from [com.android.support:drawerlayout:28.0.0] AndroidManifest.xml:17:1-22:12
MERGED from [com.android.support:slidingpanelayout:28.0.0] AndroidManifest.xml:17:1-22:12
MERGED from [com.android.support:customview:28.0.0] AndroidManifest.xml:17:1-22:12
MERGED from [com.android.support:swiperefreshlayout:28.0.0] AndroidManifest.xml:17:1-22:12
MERGED from [com.android.support:asynclayoutinflater:28.0.0] AndroidManifest.xml:17:1-22:12
MERGED from [com.android.support:support-compat:28.0.0] AndroidManifest.xml:17:1-24:12
MERGED from [com.android.support:versionedparcelable:28.0.0] AndroidManifest.xml:17:1-25:12
MERGED from [com.android.support:cursoradapter:28.0.0] AndroidManifest.xml:17:1-22:12
MERGED from [android.arch.lifecycle:runtime:1.1.1] AndroidManifest.xml:17:1-22:12
MERGED from [com.android.support:documentfile:28.0.0] AndroidManifest.xml:17:1-22:12
MERGED from [com.android.support:localbroadcastmanager:28.0.0] AndroidManifest.xml:17:1-22:12
MERGED from [com.android.support:print:28.0.0] AndroidManifest.xml:17:1-22:12
MERGED from [android.arch.lifecycle:viewmodel:1.1.1] AndroidManifest.xml:17:1-22:12
MERGED from [android.arch.lifecycle:livedata:1.1.1] AndroidManifest.xml:17:1-22:12
MERGED from [android.arch.lifecycle:livedata-core:1.1.1] AndroidManifest.xml:17:1-22:12
MERGED from [android.arch.core:runtime:1.1.1] AndroidManifest.xml:17:1-22:12
MERGED from [com.android.support:interpolator:28.0.0] AndroidManifest.xml:17:1-22:12
INJECTED from A-Tale-of-Heros-Project\android\AndroidManifest.xml:2:1-25:12
INJECTED from A-Tale-of-Heros-Project\android\AndroidManifest.xml:2:1-25:12
INJECTED from A-Tale-of-Heros-Project\android\AndroidManifest.xml:2:1-25:12
	package
		ADDED from A-Tale-of-Heros-Project\android\AndroidManifest.xml:3:5-29
		INJECTED from A-Tale-of-Heros-Project\android\AndroidManifest.xml
		INJECTED from A-Tale-of-Heros-Project\android\AndroidManifest.xml
	android:versionName
		INJECTED from A-Tale-of-Heros-Project\android\AndroidManifest.xml
		ADDED from A-Tale-of-Heros-Project\android\AndroidManifest.xml:2:1-25:12
		INJECTED from A-Tale-of-Heros-Project\android\AndroidManifest.xml
	android:versionCode
		INJECTED from A-Tale-of-Heros-Project\android\AndroidManifest.xml
		ADDED from A-Tale-of-Heros-Project\android\AndroidManifest.xml:2:1-25:12
		INJECTED from A-Tale-of-Heros-Project\android\AndroidManifest.xml
	xmlns:android
		ADDED from A-Tale-of-Heros-Project\android\AndroidManifest.xml:2:11-69
application
ADDED from A-Tale-of-Heros-Project\android\AndroidManifest.xml:5:5-23:19
MERGED from [com.android.support.constraint:constraint-layout:2.0.0-beta4] AndroidManifest.xml:9:5-20
MERGED from [com.android.support.constraint:constraint-layout:2.0.0-beta4] AndroidManifest.xml:9:5-20
MERGED from [com.android.support:support-compat:28.0.0] AndroidManifest.xml:22:5-94
MERGED from [com.android.support:support-compat:28.0.0] AndroidManifest.xml:22:5-94
MERGED from [com.android.support:versionedparcelable:28.0.0] AndroidManifest.xml:22:5-23:19
MERGED from [com.android.support:versionedparcelable:28.0.0] AndroidManifest.xml:22:5-23:19
	android:appComponentFactory
		ADDED from [com.android.support:support-compat:28.0.0] AndroidManifest.xml:22:18-91
	android:label
		ADDED from A-Tale-of-Heros-Project\android\AndroidManifest.xml:10:9-41
	android:appCategory
		ADDED from A-Tale-of-Heros-Project\android\AndroidManifest.xml:7:9-35
	android:icon
		ADDED from A-Tale-of-Heros-Project\android\AndroidManifest.xml:8:9-45
	android:allowBackup
		ADDED from A-Tale-of-Heros-Project\android\AndroidManifest.xml:6:9-35
	android:theme
		ADDED from A-Tale-of-Heros-Project\android\AndroidManifest.xml:11:9-40
	android:isGame
		ADDED from A-Tale-of-Heros-Project\android\AndroidManifest.xml:9:9-30
activity#com.mygdx.game.AndroidLauncher
ADDED from A-Tale-of-Heros-Project\android\AndroidManifest.xml:12:9-22:20
	android:screenOrientation
		ADDED from A-Tale-of-Heros-Project\android\AndroidManifest.xml:16:13-50
	android:label
		ADDED from A-Tale-of-Heros-Project\android\AndroidManifest.xml:15:13-45
	android:configChanges
		ADDED from A-Tale-of-Heros-Project\android\AndroidManifest.xml:14:13-107
	android:name
		ADDED from A-Tale-of-Heros-Project\android\AndroidManifest.xml:13:13-44
intent-filter#action:name:android.intent.action.MAIN+category:name:android.intent.category.LAUNCHER
ADDED from A-Tale-of-Heros-Project\android\AndroidManifest.xml:17:13-21:29
action#android.intent.action.MAIN
ADDED from A-Tale-of-Heros-Project\android\AndroidManifest.xml:18:17-69
	android:name
		ADDED from A-Tale-of-Heros-Project\android\AndroidManifest.xml:18:25-66
category#android.intent.category.LAUNCHER
ADDED from A-Tale-of-Heros-Project\android\AndroidManifest.xml:20:17-77
	android:name
		ADDED from A-Tale-of-Heros-Project\android\AndroidManifest.xml:20:27-74
uses-sdk
INJECTED from A-Tale-of-Heros-Project\android\AndroidManifest.xml reason: use-sdk injection requested
INJECTED from A-Tale-of-Heros-Project\android\AndroidManifest.xml
INJECTED from A-Tale-of-Heros-Project\android\AndroidManifest.xml
MERGED from [com.android.support.constraint:constraint-layout:2.0.0-beta4] AndroidManifest.xml:5:5-7:41
MERGED from [com.android.support.constraint:constraint-layout:2.0.0-beta4] AndroidManifest.xml:5:5-7:41
MERGED from [com.android.support:appcompat-v7:28.0.0] AndroidManifest.xml:20:5-44
MERGED from [com.android.support:appcompat-v7:28.0.0] AndroidManifest.xml:20:5-44
MERGED from [com.android.support:support-fragment:28.0.0] AndroidManifest.xml:20:5-44
MERGED from [com.android.support:support-fragment:28.0.0] AndroidManifest.xml:20:5-44
MERGED from [com.android.support:animated-vector-drawable:28.0.0] AndroidManifest.xml:20:5-44
MERGED from [com.android.support:animated-vector-drawable:28.0.0] AndroidManifest.xml:20:5-44
MERGED from [com.android.support:support-core-ui:28.0.0] AndroidManifest.xml:20:5-44
MERGED from [com.android.support:support-core-ui:28.0.0] AndroidManifest.xml:20:5-44
MERGED from [com.android.support:support-core-utils:28.0.0] AndroidManifest.xml:20:5-44
MERGED from [com.android.support:support-core-utils:28.0.0] AndroidManifest.xml:20:5-44
MERGED from [com.android.support:support-vector-drawable:28.0.0] AndroidManifest.xml:20:5-44
MERGED from [com.android.support:support-vector-drawable:28.0.0] AndroidManifest.xml:20:5-44
MERGED from [com.android.support:loader:28.0.0] AndroidManifest.xml:20:5-44
MERGED from [com.android.support:loader:28.0.0] AndroidManifest.xml:20:5-44
MERGED from [com.android.support:viewpager:28.0.0] AndroidManifest.xml:20:5-44
MERGED from [com.android.support:viewpager:28.0.0] AndroidManifest.xml:20:5-44
MERGED from [com.android.support:coordinatorlayout:28.0.0] AndroidManifest.xml:20:5-44
MERGED from [com.android.support:coordinatorlayout:28.0.0] AndroidManifest.xml:20:5-44
MERGED from [com.android.support:drawerlayout:28.0.0] AndroidManifest.xml:20:5-44
MERGED from [com.android.support:drawerlayout:28.0.0] AndroidManifest.xml:20:5-44
MERGED from [com.android.support:slidingpanelayout:28.0.0] AndroidManifest.xml:20:5-44
MERGED from [com.android.support:slidingpanelayout:28.0.0] AndroidManifest.xml:20:5-44
MERGED from [com.android.support:customview:28.0.0] AndroidManifest.xml:20:5-44
MERGED from [com.android.support:customview:28.0.0] AndroidManifest.xml:20:5-44
MERGED from [com.android.support:swiperefreshlayout:28.0.0] AndroidManifest.xml:20:5-44
MERGED from [com.android.support:swiperefreshlayout:28.0.0] AndroidManifest.xml:20:5-44
MERGED from [com.android.support:asynclayoutinflater:28.0.0] AndroidManifest.xml:20:5-44
MERGED from [com.android.support:asynclayoutinflater:28.0.0] AndroidManifest.xml:20:5-44
MERGED from [com.android.support:support-compat:28.0.0] AndroidManifest.xml:20:5-44
MERGED from [com.android.support:support-compat:28.0.0] AndroidManifest.xml:20:5-44
MERGED from [com.android.support:versionedparcelable:28.0.0] AndroidManifest.xml:20:5-44
MERGED from [com.android.support:versionedparcelable:28.0.0] AndroidManifest.xml:20:5-44
MERGED from [com.android.support:cursoradapter:28.0.0] AndroidManifest.xml:20:5-44
MERGED from [com.android.support:cursoradapter:28.0.0] AndroidManifest.xml:20:5-44
MERGED from [android.arch.lifecycle:runtime:1.1.1] AndroidManifest.xml:20:5-44
MERGED from [android.arch.lifecycle:runtime:1.1.1] AndroidManifest.xml:20:5-44
MERGED from [com.android.support:documentfile:28.0.0] AndroidManifest.xml:20:5-44
MERGED from [com.android.support:documentfile:28.0.0] AndroidManifest.xml:20:5-44
MERGED from [com.android.support:localbroadcastmanager:28.0.0] AndroidManifest.xml:20:5-44
MERGED from [com.android.support:localbroadcastmanager:28.0.0] AndroidManifest.xml:20:5-44
MERGED from [com.android.support:print:28.0.0] AndroidManifest.xml:20:5-44
MERGED from [com.android.support:print:28.0.0] AndroidManifest.xml:20:5-44
MERGED from [android.arch.lifecycle:viewmodel:1.1.1] AndroidManifest.xml:20:5-44
MERGED from [android.arch.lifecycle:viewmodel:1.1.1] AndroidManifest.xml:20:5-44
MERGED from [android.arch.lifecycle:livedata:1.1.1] AndroidManifest.xml:20:5-44
MERGED from [android.arch.lifecycle:livedata:1.1.1] AndroidManifest.xml:20:5-44
MERGED from [android.arch.lifecycle:livedata-core:1.1.1] AndroidManifest.xml:20:5-44
MERGED from [android.arch.lifecycle:livedata-core:1.1.1] AndroidManifest.xml:20:5-44
MERGED from [android.arch.core:runtime:1.1.1] AndroidManifest.xml:20:5-44
MERGED from [android.arch.core:runtime:1.1.1] AndroidManifest.xml:20:5-44
MERGED from [com.android.support:interpolator:28.0.0] AndroidManifest.xml:20:5-44
MERGED from [com.android.support:interpolator:28.0.0] AndroidManifest.xml:20:5-44
INJECTED from A-Tale-of-Heros-Project\android\AndroidManifest.xml
INJECTED from A-Tale-of-Heros-Project\android\AndroidManifest.xml
	android:targetSdkVersion
		INJECTED from A-Tale-of-Heros-Project\android\AndroidManifest.xml
		ADDED from A-Tale-of-Heros-Project\android\AndroidManifest.xml
		INJECTED from A-Tale-of-Heros-Project\android\AndroidManifest.xml
	android:minSdkVersion
		INJECTED from A-Tale-of-Heros-Project\android\AndroidManifest.xml
		ADDED from A-Tale-of-Heros-Project\android\AndroidManifest.xml
		INJECTED from A-Tale-of-Heros-Project\android\AndroidManifest.xml